Build started 2014-06-11 22:28:33.
     1>Project "D:\dev\engine\build\engine\engine.vcxproj" on node 2 (Rebuild target(s)).
     1>ClCompile:
         C:\Program Files (x86)\Microsoft Visual Studio 12.0\VC\bin\CL.exe /c /ZI /nologo /W1 /WX- /sdl /MP /Od /Oi /Ot /Oy- /D WIN32 /D _DEBUG /D _WINDOWS /D _UNICODE /D UNICODE /Gm /EHsc /RTC1 /MDd /GS /fp:precise /Zc:wchar_t /Zc:forScope /openmp- /FAcs /Fa"Debug\\" /Fo"Debug\\" /Fd"Debug\vc120.pdb" /FR"Debug\\" /Gd /TP /wd4100 /analyze- /errorReport:prompt ..\..\src\client\main.cpp ..\..\src\client\tasks\controller.cpp ..\..\src\client\tasks\debug.cpp ..\..\src\client\tasks\input.cpp ..\..\src\client\tasks\renderer.cpp ..\..\src\core\engine.cpp ..\..\src\core\taskManager.cpp ..\..\src\tool\config.cpp ..\..\src\tool\logger.cpp ..\..\src\tool\profiler.cpp
     1>cl : Command line warning D9030: '/Gm' is incompatible with multiprocessing; ignoring /MP switch
         profiler.cpp
         logger.cpp
         config.cpp
         taskManager.cpp
     1>d:\dev\engine\src\core\detail\fastdelegate.h(1): warning C4068: unknown pragma
         engine.cpp
     1>d:\dev\engine\src\core\detail\fastdelegate.h(1): warning C4068: unknown pragma
         renderer.cpp
     1>d:\dev\engine\src\core\detail\fastdelegate.h(1): warning C4068: unknown pragma
     1>c:\program files (x86)\microsoft visual studio 12.0\vc\include\vector(648): fatal error C1001: An internal error has occurred in the compiler.
         (compiler file 'f:\dd\vctools\compiler\cxxfe\sl\p1\c\outdname.c', line 4123)
          To work around this problem, try simplifying or changing the program near the locations listed above.
         Please choose the Technical Support command on the Visual C++ 
          Help menu, or open the Technical Support help file for more information
         input.cpp
     1>c1xx : warning C4117: macro name '__LINE__' is reserved, '#define' ignored
     1>c1xx : warning C4117: macro name '__FILE__' is reserved, '#define' ignored
     1>c1xx : warning C4117: macro name '__DATE__' is reserved, '#define' ignored
     1>c1xx : warning C4117: macro name '__TIME__' is reserved, '#define' ignored
     1>c1xx : warning C4117: macro name '__TIMESTAMP__' is reserved, '#define' ignored
     1>c1xx : warning C4117: macro name '__VA_ARGS__' is reserved, '#define' ignored
     1>c1xx : warning C4117: macro name '__FUNCTION__' is reserved, '#define' ignored
     1>c1xx : warning C4117: macro name '__FUNCDNAME__' is reserved, '#define' ignored
     1>c1xx : warning C4117: macro name '__FUNCSIG__' is reserved, '#define' ignored
     1>c1xx : warning C4117: macro name '__FSTREXP' is reserved, '#define' ignored
     1>c1xx : warning C4117: macro name '__LPREFIX' is reserved, '#define' ignored
     1>c1xx : warning C4117: macro name '__APREFIX' is reserved, '#define' ignored
     1>c1xx : warning C4117: macro name '__SPREFIX' is reserved, '#define' ignored
     1>c1xx : warning C4117: macro name '__cplusplus' is reserved, '#define' ignored
     1>c1xx : warning C4117: macro name '__BOOL_DEFINED' is reserved, '#define' ignored
     1>c1xx : warning C4117: macro name '_WCHAR_T_DEFINED' is reserved, '#define' ignored
     1>c1xx : warning C4117: macro name '_NATIVE_WCHAR_T_DEFINED' is reserved, '#define' ignored
     1>c1xx : warning C4117: macro name '_RVALUE_REFERENCES_SUPPORTED' is reserved, '#define' ignored
     1>c1xx : warning C4117: macro name '_RVALUE_REFERENCES_V2_SUPPORTED' is reserved, '#define' ignored
     1>c1xx : warning C4117: macro name '_NATIVE_NULLPTR_SUPPORTED' is reserved, '#define' ignored
     1>c1xx : warning C4117: macro name '__COUNTER__' is reserved, '#define' ignored
     1>c1xx : fatal error C1001: An internal error has occurred in the compiler.
         (compiler file 'msc1.cpp', line 1325)
          To work around this problem, try simplifying or changing the program near the locations listed above.
         Please choose the Technical Support command on the Visual C++ 
          Help menu, or open the Technical Support help file for more information
     1>Done Building Project "D:\dev\engine\build\engine\engine.vcxproj" (Rebuild target(s)) -- FAILED.

Build FAILED.

Time Elapsed 00:00:10.73
